[12:50:12.958] Global cache location '/home/kdr/.cache/typescript/3.7', safe file path '/home/kdr/.emacs.d/.cache/lsp/npm/typescript/lib/node_modules/typescript/lib/typingSafeList.json', types map path /home/kdr/.emacs.d/.cache/lsp/npm/typescript/lib/node_modules/typescript/lib/typesMap.json
[12:50:12.958] Processing cache location '/home/kdr/.cache/typescript/3.7'
[12:50:12.958] Trying to find '/home/kdr/.cache/typescript/3.7/package.json'...
[12:50:12.959] Loaded content of '/home/kdr/.cache/typescript/3.7/package.json': {"private":true,"dependencies":{"types-registry":"^0.1.477"},"devDependencies":{"@types/async":"^3.0.7","@types/atob":"^2.1.2","@types/babel__core":"^7.1.3","@types/babelify":"^7.3.6","@types/browserify":"^12.0.36","@types/html-webpack-plugin":"^3.2.2","@types/md5":"^2.1.33","@types/nes":"^7.0.6","@types/paho-mqtt":"^1.0.4","@types/react":"^16.9.19","@types/react-dom":"^16.9.5","@types/text-encoding":"0.0.35","@types/uuid":"^3.4.7","@types/webpack":"^4.41.5","@types/webpack-dev-server":"^3.10.0"}}
[12:50:12.959] Loaded content of '/home/kdr/.cache/typescript/3.7/package-lock.json'
[12:50:12.965] Adding entry into typings cache: 'async' => '/home/kdr/.cache/typescript/3.7/node_modules/@types/async/index.d.ts'
[12:50:12.967] Adding entry into typings cache: 'atob' => '/home/kdr/.cache/typescript/3.7/node_modules/@types/atob/index.d.ts'
[12:50:12.969] Adding entry into typings cache: 'babel__core' => '/home/kdr/.cache/typescript/3.7/node_modules/@types/babel__core/index.d.ts'
[12:50:12.970] Adding entry into typings cache: 'babelify' => '/home/kdr/.cache/typescript/3.7/node_modules/@types/babelify/index.d.ts'
[12:50:12.973] Adding entry into typings cache: 'browserify' => '/home/kdr/.cache/typescript/3.7/node_modules/@types/browserify/index.d.ts'
[12:50:12.975] Adding entry into typings cache: 'html-webpack-plugin' => '/home/kdr/.cache/typescript/3.7/node_modules/@types/html-webpack-plugin/index.d.ts'
[12:50:12.976] Adding entry into typings cache: 'md5' => '/home/kdr/.cache/typescript/3.7/node_modules/@types/md5/index.d.ts'
[12:50:12.977] Adding entry into typings cache: 'nes' => '/home/kdr/.cache/typescript/3.7/node_modules/@types/nes/index.d.ts'
[12:50:12.978] Adding entry into typings cache: 'paho-mqtt' => '/home/kdr/.cache/typescript/3.7/node_modules/@types/paho-mqtt/index.d.ts'
[12:50:12.980] Adding entry into typings cache: 'react' => '/home/kdr/.cache/typescript/3.7/node_modules/@types/react/index.d.ts'
[12:50:12.983] Adding entry into typings cache: 'react-dom' => '/home/kdr/.cache/typescript/3.7/node_modules/@types/react-dom/index.d.ts'
[12:50:12.985] Adding entry into typings cache: 'text-encoding' => '/home/kdr/.cache/typescript/3.7/node_modules/@types/text-encoding/index.d.ts'
[12:50:12.986] Adding entry into typings cache: 'uuid' => '/home/kdr/.cache/typescript/3.7/node_modules/@types/uuid/index.d.ts'
[12:50:12.989] Adding entry into typings cache: 'webpack' => '/home/kdr/.cache/typescript/3.7/node_modules/@types/webpack/index.d.ts'
[12:50:12.991] Adding entry into typings cache: 'webpack-dev-server' => '/home/kdr/.cache/typescript/3.7/node_modules/@types/webpack-dev-server/index.d.ts'
[12:50:12.991] Finished processing cache location '/home/kdr/.cache/typescript/3.7'
[12:50:12.991] Process id: 24042
[12:50:12.991] NPM location: /usr/bin/npm (explicit '--npmLocation' not  provided)
[12:50:12.991] validateDefaultNpmLocation: false
[12:50:12.991] Npm config file: /home/kdr/.cache/typescript/3.7/package.json
[12:50:12.991] Updating types-registry npm package...
[12:50:12.991] Exec: /usr/bin/npm install --ignore-scripts types-registry@latest
[12:50:13.975]     Succeeded. stdout:
    + types-registry@0.1.477
    updated 1 package and audited 139 packages in 0.659s
found 0 vulnerabilities


[12:50:13.975] Updated types-registry npm package
[12:50:13.986] Got install request {"projectName":"/dev/null/inferredProject1*","fileNames":["/home/kdr/.emacs.d/.cache/lsp/npm/typescript/lib/node_modules/typescript/lib/lib.d.ts","/home/kdr/.emacs.d/.cache/lsp/npm/typescript/lib/node_modules/typescript/lib/lib.es5.d.ts","/home/kdr/.emacs.d/.cache/lsp/npm/typescript/lib/node_modules/typescript/lib/lib.dom.d.ts","/home/kdr/.emacs.d/.cache/lsp/npm/typescript/lib/node_modules/typescript/lib/lib.webworker.importscripts.d.ts","/home/kdr/.emacs.d/.cache/lsp/npm/typescript/lib/node_modules/typescript/lib/lib.scripthost.d.ts","/home/kdr/magic/proj/wasmaster/data/webpack.config.js"],"compilerOptions":{"target":1,"jsx":1,"allowNonTsExtensions":true,"allowJs":true,"noEmitForJsFiles":true,"maxNodeModuleJsDepth":2},"typeAcquisition":{"enable":true,"include":[],"exclude":[]},"unresolvedImports":[],"projectRootPath":"/home/kdr/magic/proj/wasmaster/data","kind":"discover"}
[12:50:13.998] Loaded safelist from types map file '/home/kdr/.emacs.d/.cache/lsp/npm/typescript/lib/node_modules/typescript/lib/typesMap.json'
[12:50:13.998] Explicitly included types: []
[12:50:13.999] Inferred typings from unresolved imports: []
[12:50:13.999] Result: {"cachedTypingPaths":[],"newTypingNames":[],"filesToWatch":["/home/kdr/magic/proj/wasmaster/data/bower_components","/home/kdr/magic/proj/wasmaster/data/node_modules"]}
[12:50:13.999] Finished typings discovery: {"cachedTypingPaths":[],"newTypingNames":[],"filesToWatch":["/home/kdr/magic/proj/wasmaster/data/bower_components","/home/kdr/magic/proj/wasmaster/data/node_modules"]}
[12:50:13.999] DirectoryWatcher:: Added:: WatchInfo: /home/kdr/magic/proj/wasmaster/data/bower_components
[12:50:14.0] DirectoryWatcher:: Added:: WatchInfo: /home/kdr/magic/proj/wasmaster/data/node_modules
[12:50:14.1] Sending response:
    {"projectName":"/dev/null/inferredProject1*","typeAcquisition":{"enable":true,"include":[],"exclude":[]},"compilerOptions":{"target":1,"jsx":1,"allowNonTsExtensions":true,"allowJs":true,"noEmitForJsFiles":true,"maxNodeModuleJsDepth":2},"typings":[],"unresolvedImports":[],"kind":"action::set"}
[12:50:14.1] Response has been sent.
[12:50:14.1] No new typings were requested as a result of typings discovery
[12:50:18.923] Got install request {"projectName":"/dev/null/inferredProject1*","fileNames":["/home/kdr/.emacs.d/.cache/lsp/npm/typescript/lib/node_modules/typescript/lib/lib.d.ts","/home/kdr/.emacs.d/.cache/lsp/npm/typescript/lib/node_modules/typescript/lib/lib.es5.d.ts","/home/kdr/.emacs.d/.cache/lsp/npm/typescript/lib/node_modules/typescript/lib/lib.dom.d.ts","/home/kdr/.emacs.d/.cache/lsp/npm/typescript/lib/node_modules/typescript/lib/lib.webworker.importscripts.d.ts","/home/kdr/.emacs.d/.cache/lsp/npm/typescript/lib/node_modules/typescript/lib/lib.scripthost.d.ts","/home/kdr/magic/proj/wasmaster/data/webpack.config.js"],"compilerOptions":{"target":1,"jsx":1,"allowNonTsExtensions":true,"allowJs":true,"noEmitForJsFiles":true,"maxNodeModuleJsDepth":2},"typeAcquisition":{"enable":true,"include":[],"exclude":[]},"unresolvedImports":[""],"projectRootPath":"/home/kdr/magic/proj/wasmaster/data","kind":"discover"}
[12:50:18.923] Explicitly included types: []
[12:50:18.923] Inferred typings from unresolved imports: [""]
[12:50:18.924] Result: {"cachedTypingPaths":[],"newTypingNames":[""],"filesToWatch":["/home/kdr/magic/proj/wasmaster/data/bower_components","/home/kdr/magic/proj/wasmaster/data/node_modules"]}
[12:50:18.924] Finished typings discovery: {"cachedTypingPaths":[],"newTypingNames":[""],"filesToWatch":["/home/kdr/magic/proj/wasmaster/data/bower_components","/home/kdr/magic/proj/wasmaster/data/node_modules"]}
[12:50:18.924] Installing typings [""]
[12:50:18.924] '':: Package name '' cannot be empty
[12:50:18.924] All typings are known to be missing or invalid - no need to install more typings
[12:50:18.924] Sending response:
    {"projectName":"/dev/null/inferredProject1*","typeAcquisition":{"enable":true,"include":[],"exclude":[]},"compilerOptions":{"target":1,"jsx":1,"allowNonTsExtensions":true,"allowJs":true,"noEmitForJsFiles":true,"maxNodeModuleJsDepth":2},"typings":[],"unresolvedImports":[""],"kind":"action::set"}
[12:50:18.924] Response has been sent.
[12:50:18.924] Got install request {"projectName":"/dev/null/inferredProject1*","fileNames":["/home/kdr/.emacs.d/.cache/lsp/npm/typescript/lib/node_modules/typescript/lib/lib.d.ts","/home/kdr/.emacs.d/.cache/lsp/npm/typescript/lib/node_modules/typescript/lib/lib.es5.d.ts","/home/kdr/.emacs.d/.cache/lsp/npm/typescript/lib/node_modules/typescript/lib/lib.dom.d.ts","/home/kdr/.emacs.d/.cache/lsp/npm/typescript/lib/node_modules/typescript/lib/lib.webworker.importscripts.d.ts","/home/kdr/.emacs.d/.cache/lsp/npm/typescript/lib/node_modules/typescript/lib/lib.scripthost.d.ts","/home/kdr/magic/proj/wasmaster/data/webpack.config.js"],"compilerOptions":{"target":1,"jsx":1,"allowNonTsExtensions":true,"allowJs":true,"noEmitForJsFiles":true,"maxNodeModuleJsDepth":2},"typeAcquisition":{"enable":true,"include":[],"exclude":[]},"unresolvedImports":["p"],"projectRootPath":"/home/kdr/magic/proj/wasmaster/data","kind":"discover"}
[12:50:18.924] Explicitly included types: []
[12:50:18.924] Inferred typings from unresolved imports: ["p"]
[12:50:18.924] Result: {"cachedTypingPaths":[],"newTypingNames":["p"],"filesToWatch":["/home/kdr/magic/proj/wasmaster/data/bower_components","/home/kdr/magic/proj/wasmaster/data/node_modules"]}
[12:50:18.924] Finished typings discovery: {"cachedTypingPaths":[],"newTypingNames":["p"],"filesToWatch":["/home/kdr/magic/proj/wasmaster/data/bower_components","/home/kdr/magic/proj/wasmaster/data/node_modules"]}
[12:50:18.924] Installing typings ["p"]
[12:50:18.925] 'p':: Entry for package 'p' does not exist in local types registry - skipping...
[12:50:18.925] All typings are known to be missing or invalid - no need to install more typings
[12:50:18.925] Sending response:
    {"projectName":"/dev/null/inferredProject1*","typeAcquisition":{"enable":true,"include":[],"exclude":[]},"compilerOptions":{"target":1,"jsx":1,"allowNonTsExtensions":true,"allowJs":true,"noEmitForJsFiles":true,"maxNodeModuleJsDepth":2},"typings":[],"unresolvedImports":["p"],"kind":"action::set"}
[12:50:18.925] Response has been sent.
[12:50:18.925] Got install request {"projectName":"/dev/null/inferredProject1*","fileNames":["/home/kdr/.emacs.d/.cache/lsp/npm/typescript/lib/node_modules/typescript/lib/lib.d.ts","/home/kdr/.emacs.d/.cache/lsp/npm/typescript/lib/node_modules/typescript/lib/lib.es5.d.ts","/home/kdr/.emacs.d/.cache/lsp/npm/typescript/lib/node_modules/typescript/lib/lib.dom.d.ts","/home/kdr/.emacs.d/.cache/lsp/npm/typescript/lib/node_modules/typescript/lib/lib.webworker.importscripts.d.ts","/home/kdr/.emacs.d/.cache/lsp/npm/typescript/lib/node_modules/typescript/lib/lib.scripthost.d.ts","/home/kdr/magic/proj/wasmaster/data/webpack.config.js"],"compilerOptions":{"target":1,"jsx":1,"allowNonTsExtensions":true,"allowJs":true,"noEmitForJsFiles":true,"maxNodeModuleJsDepth":2},"typeAcquisition":{"enable":true,"include":[],"exclude":[]},"unresolvedImports":["pa"],"projectRootPath":"/home/kdr/magic/proj/wasmaster/data","kind":"discover"}
[12:50:18.925] Explicitly included types: []
[12:50:18.925] Inferred typings from unresolved imports: ["pa"]
[12:50:18.925] Result: {"cachedTypingPaths":[],"newTypingNames":["pa"],"filesToWatch":["/home/kdr/magic/proj/wasmaster/data/bower_components","/home/kdr/magic/proj/wasmaster/data/node_modules"]}
[12:50:18.925] Finished typings discovery: {"cachedTypingPaths":[],"newTypingNames":["pa"],"filesToWatch":["/home/kdr/magic/proj/wasmaster/data/bower_components","/home/kdr/magic/proj/wasmaster/data/node_modules"]}
[12:50:18.925] Installing typings ["pa"]
[12:50:18.925] 'pa':: Entry for package 'pa' does not exist in local types registry - skipping...
[12:50:18.925] All typings are known to be missing or invalid - no need to install more typings
[12:50:18.925] Sending response:
    {"projectName":"/dev/null/inferredProject1*","typeAcquisition":{"enable":true,"include":[],"exclude":[]},"compilerOptions":{"target":1,"jsx":1,"allowNonTsExtensions":true,"allowJs":true,"noEmitForJsFiles":true,"maxNodeModuleJsDepth":2},"typings":[],"unresolvedImports":["pa"],"kind":"action::set"}
[12:50:18.925] Response has been sent.
[12:50:18.925] Got install request {"projectName":"/dev/null/inferredProject1*","fileNames":["/home/kdr/.emacs.d/.cache/lsp/npm/typescript/lib/node_modules/typescript/lib/lib.d.ts","/home/kdr/.emacs.d/.cache/lsp/npm/typescript/lib/node_modules/typescript/lib/lib.es5.d.ts","/home/kdr/.emacs.d/.cache/lsp/npm/typescript/lib/node_modules/typescript/lib/lib.dom.d.ts","/home/kdr/.emacs.d/.cache/lsp/npm/typescript/lib/node_modules/typescript/lib/lib.webworker.importscripts.d.ts","/home/kdr/.emacs.d/.cache/lsp/npm/typescript/lib/node_modules/typescript/lib/lib.scripthost.d.ts","/home/kdr/magic/proj/wasmaster/data/webpack.config.js"],"compilerOptions":{"target":1,"jsx":1,"allowNonTsExtensions":true,"allowJs":true,"noEmitForJsFiles":true,"maxNodeModuleJsDepth":2},"typeAcquisition":{"enable":true,"include":[],"exclude":[]},"unresolvedImports":["pat"],"projectRootPath":"/home/kdr/magic/proj/wasmaster/data","kind":"discover"}
[12:50:18.925] Explicitly included types: []
[12:50:18.925] Inferred typings from unresolved imports: ["pat"]
[12:50:18.925] Result: {"cachedTypingPaths":[],"newTypingNames":["pat"],"filesToWatch":["/home/kdr/magic/proj/wasmaster/data/bower_components","/home/kdr/magic/proj/wasmaster/data/node_modules"]}
[12:50:18.926] Finished typings discovery: {"cachedTypingPaths":[],"newTypingNames":["pat"],"filesToWatch":["/home/kdr/magic/proj/wasmaster/data/bower_components","/home/kdr/magic/proj/wasmaster/data/node_modules"]}
[12:50:18.926] Installing typings ["pat"]
[12:50:18.926] 'pat':: Entry for package 'pat' does not exist in local types registry - skipping...
[12:50:18.926] All typings are known to be missing or invalid - no need to install more typings
[12:50:18.926] Sending response:
    {"projectName":"/dev/null/inferredProject1*","typeAcquisition":{"enable":true,"include":[],"exclude":[]},"compilerOptions":{"target":1,"jsx":1,"allowNonTsExtensions":true,"allowJs":true,"noEmitForJsFiles":true,"maxNodeModuleJsDepth":2},"typings":[],"unresolvedImports":["pat"],"kind":"action::set"}
[12:50:18.926] Response has been sent.
[12:50:19.359] Got install request {"projectName":"/dev/null/inferredProject1*","fileNames":["/home/kdr/.emacs.d/.cache/lsp/npm/typescript/lib/node_modules/typescript/lib/lib.d.ts","/home/kdr/.emacs.d/.cache/lsp/npm/typescript/lib/node_modules/typescript/lib/lib.es5.d.ts","/home/kdr/.emacs.d/.cache/lsp/npm/typescript/lib/node_modules/typescript/lib/lib.dom.d.ts","/home/kdr/.emacs.d/.cache/lsp/npm/typescript/lib/node_modules/typescript/lib/lib.webworker.importscripts.d.ts","/home/kdr/.emacs.d/.cache/lsp/npm/typescript/lib/node_modules/typescript/lib/lib.scripthost.d.ts","/home/kdr/magic/proj/wasmaster/data/webpack.config.js"],"compilerOptions":{"target":1,"jsx":1,"allowNonTsExtensions":true,"allowJs":true,"noEmitForJsFiles":true,"maxNodeModuleJsDepth":2},"typeAcquisition":{"enable":true,"include":[],"exclude":[]},"unresolvedImports":[],"projectRootPath":"/home/kdr/magic/proj/wasmaster/data","kind":"discover"}
[12:50:19.360] Explicitly included types: []
[12:50:19.360] Inferred typings from unresolved imports: []
[12:50:19.360] Result: {"cachedTypingPaths":[],"newTypingNames":[],"filesToWatch":["/home/kdr/magic/proj/wasmaster/data/bower_components","/home/kdr/magic/proj/wasmaster/data/node_modules"]}
[12:50:19.360] Finished typings discovery: {"cachedTypingPaths":[],"newTypingNames":[],"filesToWatch":["/home/kdr/magic/proj/wasmaster/data/bower_components","/home/kdr/magic/proj/wasmaster/data/node_modules"]}
[12:50:19.360] Sending response:
    {"projectName":"/dev/null/inferredProject1*","typeAcquisition":{"enable":true,"include":[],"exclude":[]},"compilerOptions":{"target":1,"jsx":1,"allowNonTsExtensions":true,"allowJs":true,"noEmitForJsFiles":true,"maxNodeModuleJsDepth":2},"typings":[],"unresolvedImports":[],"kind":"action::set"}
[12:50:19.360] Response has been sent.
[12:50:19.360] No new typings were requested as a result of typings discovery
[12:50:22.955] Got install request {"projectName":"/dev/null/inferredProject1*","fileNames":["/home/kdr/.emacs.d/.cache/lsp/npm/typescript/lib/node_modules/typescript/lib/lib.d.ts","/home/kdr/.emacs.d/.cache/lsp/npm/typescript/lib/node_modules/typescript/lib/lib.es5.d.ts","/home/kdr/.emacs.d/.cache/lsp/npm/typescript/lib/node_modules/typescript/lib/lib.dom.d.ts","/home/kdr/.emacs.d/.cache/lsp/npm/typescript/lib/node_modules/typescript/lib/lib.webworker.importscripts.d.ts","/home/kdr/.emacs.d/.cache/lsp/npm/typescript/lib/node_modules/typescript/lib/lib.scripthost.d.ts","/home/kdr/magic/proj/wasmaster/data/webpack.config.js"],"compilerOptions":{"target":1,"jsx":1,"allowNonTsExtensions":true,"allowJs":true,"noEmitForJsFiles":true,"maxNodeModuleJsDepth":2},"typeAcquisition":{"enable":true,"include":[],"exclude":[]},"unresolvedImports":[],"projectRootPath":"/home/kdr/magic/proj/wasmaster/data","kind":"discover"}
[12:50:22.956] Explicitly included types: []
[12:50:22.956] Inferred typings from unresolved imports: []
[12:50:22.956] Result: {"cachedTypingPaths":[],"newTypingNames":[],"filesToWatch":["/home/kdr/magic/proj/wasmaster/data/bower_components","/home/kdr/magic/proj/wasmaster/data/node_modules"]}
[12:50:22.956] Finished typings discovery: {"cachedTypingPaths":[],"newTypingNames":[],"filesToWatch":["/home/kdr/magic/proj/wasmaster/data/bower_components","/home/kdr/magic/proj/wasmaster/data/node_modules"]}
[12:50:22.956] Sending response:
    {"projectName":"/dev/null/inferredProject1*","typeAcquisition":{"enable":true,"include":[],"exclude":[]},"compilerOptions":{"target":1,"jsx":1,"allowNonTsExtensions":true,"allowJs":true,"noEmitForJsFiles":true,"maxNodeModuleJsDepth":2},"typings":[],"unresolvedImports":[],"kind":"action::set"}
[12:50:22.956] Response has been sent.
[12:50:22.956] No new typings were requested as a result of typings discovery
[12:50:24.41] Got install request {"projectName":"/dev/null/inferredProject1*","fileNames":["/home/kdr/.emacs.d/.cache/lsp/npm/typescript/lib/node_modules/typescript/lib/lib.d.ts","/home/kdr/.emacs.d/.cache/lsp/npm/typescript/lib/node_modules/typescript/lib/lib.es5.d.ts","/home/kdr/.emacs.d/.cache/lsp/npm/typescript/lib/node_modules/typescript/lib/lib.dom.d.ts","/home/kdr/.emacs.d/.cache/lsp/npm/typescript/lib/node_modules/typescript/lib/lib.webworker.importscripts.d.ts","/home/kdr/.emacs.d/.cache/lsp/npm/typescript/lib/node_modules/typescript/lib/lib.scripthost.d.ts","/home/kdr/magic/proj/wasmaster/data/webpack.config.js"],"compilerOptions":{"target":1,"jsx":1,"allowNonTsExtensions":true,"allowJs":true,"noEmitForJsFiles":true,"maxNodeModuleJsDepth":2},"typeAcquisition":{"enable":true,"include":[],"exclude":[]},"unresolvedImports":[""],"projectRootPath":"/home/kdr/magic/proj/wasmaster/data","kind":"discover"}
[12:50:24.41] Explicitly included types: []
[12:50:24.41] Inferred typings from unresolved imports: [""]
[12:50:24.41] Result: {"cachedTypingPaths":[],"newTypingNames":[""],"filesToWatch":["/home/kdr/magic/proj/wasmaster/data/bower_components","/home/kdr/magic/proj/wasmaster/data/node_modules"]}
[12:50:24.41] Finished typings discovery: {"cachedTypingPaths":[],"newTypingNames":[""],"filesToWatch":["/home/kdr/magic/proj/wasmaster/data/bower_components","/home/kdr/magic/proj/wasmaster/data/node_modules"]}
[12:50:24.42] Installing typings [""]
[12:50:24.42] '':: '' is in missingTypingsSet - skipping...
[12:50:24.42] All typings are known to be missing or invalid - no need to install more typings
[12:50:24.42] Sending response:
    {"projectName":"/dev/null/inferredProject1*","typeAcquisition":{"enable":true,"include":[],"exclude":[]},"compilerOptions":{"target":1,"jsx":1,"allowNonTsExtensions":true,"allowJs":true,"noEmitForJsFiles":true,"maxNodeModuleJsDepth":2},"typings":[],"unresolvedImports":[""],"kind":"action::set"}
[12:50:24.42] Response has been sent.
[12:50:24.48] Got install request {"projectName":"/dev/null/inferredProject1*","fileNames":["/home/kdr/.emacs.d/.cache/lsp/npm/typescript/lib/node_modules/typescript/lib/lib.d.ts","/home/kdr/.emacs.d/.cache/lsp/npm/typescript/lib/node_modules/typescript/lib/lib.es5.d.ts","/home/kdr/.emacs.d/.cache/lsp/npm/typescript/lib/node_modules/typescript/lib/lib.dom.d.ts","/home/kdr/.emacs.d/.cache/lsp/npm/typescript/lib/node_modules/typescript/lib/lib.webworker.importscripts.d.ts","/home/kdr/.emacs.d/.cache/lsp/npm/typescript/lib/node_modules/typescript/lib/lib.scripthost.d.ts","/home/kdr/magic/proj/wasmaster/data/webpack.config.js"],"compilerOptions":{"target":1,"jsx":1,"allowNonTsExtensions":true,"allowJs":true,"noEmitForJsFiles":true,"maxNodeModuleJsDepth":2},"typeAcquisition":{"enable":true,"include":[],"exclude":[]},"unresolvedImports":["p"],"projectRootPath":"/home/kdr/magic/proj/wasmaster/data","kind":"discover"}
[12:50:24.48] Explicitly included types: []
[12:50:24.49] Inferred typings from unresolved imports: ["p"]
[12:50:24.49] Result: {"cachedTypingPaths":[],"newTypingNames":["p"],"filesToWatch":["/home/kdr/magic/proj/wasmaster/data/bower_components","/home/kdr/magic/proj/wasmaster/data/node_modules"]}
[12:50:24.49] Finished typings discovery: {"cachedTypingPaths":[],"newTypingNames":["p"],"filesToWatch":["/home/kdr/magic/proj/wasmaster/data/bower_components","/home/kdr/magic/proj/wasmaster/data/node_modules"]}
[12:50:24.49] Installing typings ["p"]
[12:50:24.49] 'p':: Entry for package 'p' does not exist in local types registry - skipping...
[12:50:24.49] All typings are known to be missing or invalid - no need to install more typings
[12:50:24.49] Sending response:
    {"projectName":"/dev/null/inferredProject1*","typeAcquisition":{"enable":true,"include":[],"exclude":[]},"compilerOptions":{"target":1,"jsx":1,"allowNonTsExtensions":true,"allowJs":true,"noEmitForJsFiles":true,"maxNodeModuleJsDepth":2},"typings":[],"unresolvedImports":["p"],"kind":"action::set"}
[12:50:24.49] Response has been sent.
[12:50:24.65] Got install request {"projectName":"/dev/null/inferredProject1*","fileNames":["/home/kdr/.emacs.d/.cache/lsp/npm/typescript/lib/node_modules/typescript/lib/lib.d.ts","/home/kdr/.emacs.d/.cache/lsp/npm/typescript/lib/node_modules/typescript/lib/lib.es5.d.ts","/home/kdr/.emacs.d/.cache/lsp/npm/typescript/lib/node_modules/typescript/lib/lib.dom.d.ts","/home/kdr/.emacs.d/.cache/lsp/npm/typescript/lib/node_modules/typescript/lib/lib.webworker.importscripts.d.ts","/home/kdr/.emacs.d/.cache/lsp/npm/typescript/lib/node_modules/typescript/lib/lib.scripthost.d.ts","/home/kdr/magic/proj/wasmaster/data/webpack.config.js"],"compilerOptions":{"target":1,"jsx":1,"allowNonTsExtensions":true,"allowJs":true,"noEmitForJsFiles":true,"maxNodeModuleJsDepth":2},"typeAcquisition":{"enable":true,"include":[],"exclude":[]},"unresolvedImports":["pa"],"projectRootPath":"/home/kdr/magic/proj/wasmaster/data","kind":"discover"}
[12:50:24.65] Explicitly included types: []
[12:50:24.67] Inferred typings from unresolved imports: ["pa"]
[12:50:24.67] Result: {"cachedTypingPaths":[],"newTypingNames":["pa"],"filesToWatch":["/home/kdr/magic/proj/wasmaster/data/bower_components","/home/kdr/magic/proj/wasmaster/data/node_modules"]}
[12:50:24.67] Finished typings discovery: {"cachedTypingPaths":[],"newTypingNames":["pa"],"filesToWatch":["/home/kdr/magic/proj/wasmaster/data/bower_components","/home/kdr/magic/proj/wasmaster/data/node_modules"]}
[12:50:24.67] Installing typings ["pa"]
[12:50:24.67] 'pa':: Entry for package 'pa' does not exist in local types registry - skipping...
[12:50:24.68] All typings are known to be missing or invalid - no need to install more typings
[12:50:24.68] Sending response:
    {"projectName":"/dev/null/inferredProject1*","typeAcquisition":{"enable":true,"include":[],"exclude":[]},"compilerOptions":{"target":1,"jsx":1,"allowNonTsExtensions":true,"allowJs":true,"noEmitForJsFiles":true,"maxNodeModuleJsDepth":2},"typings":[],"unresolvedImports":["pa"],"kind":"action::set"}
[12:50:24.68] Response has been sent.
[12:50:24.68] Got install request {"projectName":"/dev/null/inferredProject1*","fileNames":["/home/kdr/.emacs.d/.cache/lsp/npm/typescript/lib/node_modules/typescript/lib/lib.d.ts","/home/kdr/.emacs.d/.cache/lsp/npm/typescript/lib/node_modules/typescript/lib/lib.es5.d.ts","/home/kdr/.emacs.d/.cache/lsp/npm/typescript/lib/node_modules/typescript/lib/lib.dom.d.ts","/home/kdr/.emacs.d/.cache/lsp/npm/typescript/lib/node_modules/typescript/lib/lib.webworker.importscripts.d.ts","/home/kdr/.emacs.d/.cache/lsp/npm/typescript/lib/node_modules/typescript/lib/lib.scripthost.d.ts","/home/kdr/magic/proj/wasmaster/data/webpack.config.js"],"compilerOptions":{"target":1,"jsx":1,"allowNonTsExtensions":true,"allowJs":true,"noEmitForJsFiles":true,"maxNodeModuleJsDepth":2},"typeAcquisition":{"enable":true,"include":[],"exclude":[]},"unresolvedImports":["pat"],"projectRootPath":"/home/kdr/magic/proj/wasmaster/data","kind":"discover"}
[12:50:24.68] Explicitly included types: []
[12:50:24.68] Inferred typings from unresolved imports: ["pat"]
[12:50:24.68] Result: {"cachedTypingPaths":[],"newTypingNames":["pat"],"filesToWatch":["/home/kdr/magic/proj/wasmaster/data/bower_components","/home/kdr/magic/proj/wasmaster/data/node_modules"]}
[12:50:24.68] Finished typings discovery: {"cachedTypingPaths":[],"newTypingNames":["pat"],"filesToWatch":["/home/kdr/magic/proj/wasmaster/data/bower_components","/home/kdr/magic/proj/wasmaster/data/node_modules"]}
[12:50:24.68] Installing typings ["pat"]
[12:50:24.68] 'pat':: Entry for package 'pat' does not exist in local types registry - skipping...
[12:50:24.69] All typings are known to be missing or invalid - no need to install more typings
[12:50:24.69] Sending response:
    {"projectName":"/dev/null/inferredProject1*","typeAcquisition":{"enable":true,"include":[],"exclude":[]},"compilerOptions":{"target":1,"jsx":1,"allowNonTsExtensions":true,"allowJs":true,"noEmitForJsFiles":true,"maxNodeModuleJsDepth":2},"typings":[],"unresolvedImports":["pat"],"kind":"action::set"}
[12:50:24.69] Response has been sent.
[12:50:24.84] Got install request {"projectName":"/dev/null/inferredProject1*","fileNames":["/home/kdr/.emacs.d/.cache/lsp/npm/typescript/lib/node_modules/typescript/lib/lib.d.ts","/home/kdr/.emacs.d/.cache/lsp/npm/typescript/lib/node_modules/typescript/lib/lib.es5.d.ts","/home/kdr/.emacs.d/.cache/lsp/npm/typescript/lib/node_modules/typescript/lib/lib.dom.d.ts","/home/kdr/.emacs.d/.cache/lsp/npm/typescript/lib/node_modules/typescript/lib/lib.webworker.importscripts.d.ts","/home/kdr/.emacs.d/.cache/lsp/npm/typescript/lib/node_modules/typescript/lib/lib.scripthost.d.ts","/home/kdr/magic/proj/wasmaster/data/webpack.config.js"],"compilerOptions":{"target":1,"jsx":1,"allowNonTsExtensions":true,"allowJs":true,"noEmitForJsFiles":true,"maxNodeModuleJsDepth":2},"typeAcquisition":{"enable":true,"include":[],"exclude":[]},"unresolvedImports":[],"projectRootPath":"/home/kdr/magic/proj/wasmaster/data","kind":"discover"}
[12:50:24.84] Explicitly included types: []
[12:50:24.85] Inferred typings from unresolved imports: []
[12:50:24.85] Result: {"cachedTypingPaths":[],"newTypingNames":[],"filesToWatch":["/home/kdr/magic/proj/wasmaster/data/bower_components","/home/kdr/magic/proj/wasmaster/data/node_modules"]}
[12:50:24.85] Finished typings discovery: {"cachedTypingPaths":[],"newTypingNames":[],"filesToWatch":["/home/kdr/magic/proj/wasmaster/data/bower_components","/home/kdr/magic/proj/wasmaster/data/node_modules"]}
[12:50:24.85] Sending response:
    {"projectName":"/dev/null/inferredProject1*","typeAcquisition":{"enable":true,"include":[],"exclude":[]},"compilerOptions":{"target":1,"jsx":1,"allowNonTsExtensions":true,"allowJs":true,"noEmitForJsFiles":true,"maxNodeModuleJsDepth":2},"typings":[],"unresolvedImports":[],"kind":"action::set"}
[12:50:24.85] Response has been sent.
[12:50:24.85] No new typings were requested as a result of typings discovery
[12:50:24.176] Got install request {"projectName":"/dev/null/inferredProject1*","fileNames":["/home/kdr/.emacs.d/.cache/lsp/npm/typescript/lib/node_modules/typescript/lib/lib.d.ts","/home/kdr/.emacs.d/.cache/lsp/npm/typescript/lib/node_modules/typescript/lib/lib.es5.d.ts","/home/kdr/.emacs.d/.cache/lsp/npm/typescript/lib/node_modules/typescript/lib/lib.dom.d.ts","/home/kdr/.emacs.d/.cache/lsp/npm/typescript/lib/node_modules/typescript/lib/lib.webworker.importscripts.d.ts","/home/kdr/.emacs.d/.cache/lsp/npm/typescript/lib/node_modules/typescript/lib/lib.scripthost.d.ts","/home/kdr/magic/proj/wasmaster/data/webpack.config.js"],"compilerOptions":{"target":1,"jsx":1,"allowNonTsExtensions":true,"allowJs":true,"noEmitForJsFiles":true,"maxNodeModuleJsDepth":2},"typeAcquisition":{"enable":true,"include":[],"exclude":[]},"unresolvedImports":[],"projectRootPath":"/home/kdr/magic/proj/wasmaster/data","kind":"discover"}
[12:50:24.176] Explicitly included types: []
[12:50:24.176] Inferred typings from unresolved imports: []
[12:50:24.176] Result: {"cachedTypingPaths":[],"newTypingNames":[],"filesToWatch":["/home/kdr/magic/proj/wasmaster/data/bower_components","/home/kdr/magic/proj/wasmaster/data/node_modules"]}
[12:50:24.176] Finished typings discovery: {"cachedTypingPaths":[],"newTypingNames":[],"filesToWatch":["/home/kdr/magic/proj/wasmaster/data/bower_components","/home/kdr/magic/proj/wasmaster/data/node_modules"]}
[12:50:24.176] Sending response:
    {"projectName":"/dev/null/inferredProject1*","typeAcquisition":{"enable":true,"include":[],"exclude":[]},"compilerOptions":{"target":1,"jsx":1,"allowNonTsExtensions":true,"allowJs":true,"noEmitForJsFiles":true,"maxNodeModuleJsDepth":2},"typings":[],"unresolvedImports":[],"kind":"action::set"}
[12:50:24.176] Response has been sent.
[12:50:24.176] No new typings were requested as a result of typings discovery
