[12:41:19.505] Global cache location '/home/kdr/.cache/typescript/3.7', safe file path '/home/kdr/.emacs.d/.cache/lsp/npm/typescript/lib/node_modules/typescript/lib/typingSafeList.json', types map path /home/kdr/.emacs.d/.cache/lsp/npm/typescript/lib/node_modules/typescript/lib/typesMap.json
[12:41:19.506] Processing cache location '/home/kdr/.cache/typescript/3.7'
[12:41:19.506] Trying to find '/home/kdr/.cache/typescript/3.7/package.json'...
[12:41:19.507] Loaded content of '/home/kdr/.cache/typescript/3.7/package.json': {"private":true,"dependencies":{"types-registry":"^0.1.477"},"devDependencies":{"@types/async":"^3.0.7","@types/atob":"^2.1.2","@types/babel__core":"^7.1.3","@types/babelify":"^7.3.6","@types/browserify":"^12.0.36","@types/html-webpack-plugin":"^3.2.2","@types/md5":"^2.1.33","@types/nes":"^7.0.6","@types/paho-mqtt":"^1.0.4","@types/react":"^16.9.19","@types/text-encoding":"0.0.35","@types/uuid":"^3.4.7","@types/webpack":"^4.41.5","@types/webpack-dev-server":"^3.10.0"}}
[12:41:19.507] Loaded content of '/home/kdr/.cache/typescript/3.7/package-lock.json'
[12:41:19.513] Adding entry into typings cache: 'async' => '/home/kdr/.cache/typescript/3.7/node_modules/@types/async/index.d.ts'
[12:41:19.516] Adding entry into typings cache: 'atob' => '/home/kdr/.cache/typescript/3.7/node_modules/@types/atob/index.d.ts'
[12:41:19.518] Adding entry into typings cache: 'babel__core' => '/home/kdr/.cache/typescript/3.7/node_modules/@types/babel__core/index.d.ts'
[12:41:19.519] Adding entry into typings cache: 'babelify' => '/home/kdr/.cache/typescript/3.7/node_modules/@types/babelify/index.d.ts'
[12:41:19.523] Adding entry into typings cache: 'browserify' => '/home/kdr/.cache/typescript/3.7/node_modules/@types/browserify/index.d.ts'
[12:41:19.525] Adding entry into typings cache: 'html-webpack-plugin' => '/home/kdr/.cache/typescript/3.7/node_modules/@types/html-webpack-plugin/index.d.ts'
[12:41:19.526] Adding entry into typings cache: 'md5' => '/home/kdr/.cache/typescript/3.7/node_modules/@types/md5/index.d.ts'
[12:41:19.527] Adding entry into typings cache: 'nes' => '/home/kdr/.cache/typescript/3.7/node_modules/@types/nes/index.d.ts'
[12:41:19.529] Adding entry into typings cache: 'paho-mqtt' => '/home/kdr/.cache/typescript/3.7/node_modules/@types/paho-mqtt/index.d.ts'
[12:41:19.531] Adding entry into typings cache: 'react' => '/home/kdr/.cache/typescript/3.7/node_modules/@types/react/index.d.ts'
[12:41:19.533] Adding entry into typings cache: 'text-encoding' => '/home/kdr/.cache/typescript/3.7/node_modules/@types/text-encoding/index.d.ts'
[12:41:19.536] Adding entry into typings cache: 'uuid' => '/home/kdr/.cache/typescript/3.7/node_modules/@types/uuid/index.d.ts'
[12:41:19.539] Adding entry into typings cache: 'webpack' => '/home/kdr/.cache/typescript/3.7/node_modules/@types/webpack/index.d.ts'
[12:41:19.541] Adding entry into typings cache: 'webpack-dev-server' => '/home/kdr/.cache/typescript/3.7/node_modules/@types/webpack-dev-server/index.d.ts'
[12:41:19.541] Finished processing cache location '/home/kdr/.cache/typescript/3.7'
[12:41:19.541] Process id: 23758
[12:41:19.541] NPM location: /usr/bin/npm (explicit '--npmLocation' not  provided)
[12:41:19.541] validateDefaultNpmLocation: false
[12:41:19.541] Npm config file: /home/kdr/.cache/typescript/3.7/package.json
[12:41:19.542] Updating types-registry npm package...
[12:41:19.542] Exec: /usr/bin/npm install --ignore-scripts types-registry@latest
[12:41:20.657]     Succeeded. stdout:
    + types-registry@0.1.477
    updated 1 package and audited 135 packages in 0.819s
found 0 vulnerabilities


[12:41:20.657] Updated types-registry npm package
[12:41:20.668] Got install request {"projectName":"/dev/null/inferredProject1*","fileNames":["/home/kdr/.emacs.d/.cache/lsp/npm/typescript/lib/node_modules/typescript/lib/lib.d.ts","/home/kdr/.emacs.d/.cache/lsp/npm/typescript/lib/node_modules/typescript/lib/lib.es5.d.ts","/home/kdr/.emacs.d/.cache/lsp/npm/typescript/lib/node_modules/typescript/lib/lib.dom.d.ts","/home/kdr/.emacs.d/.cache/lsp/npm/typescript/lib/node_modules/typescript/lib/lib.webworker.importscripts.d.ts","/home/kdr/.emacs.d/.cache/lsp/npm/typescript/lib/node_modules/typescript/lib/lib.scripthost.d.ts","/home/kdr/magic/proj/wasmaster/data/index.js"],"compilerOptions":{"target":1,"jsx":1,"allowNonTsExtensions":true,"allowJs":true,"noEmitForJsFiles":true,"maxNodeModuleJsDepth":2},"typeAcquisition":{"enable":true,"include":[],"exclude":[]},"unresolvedImports":[],"projectRootPath":"/home/kdr/magic/proj/wasmaster/data","kind":"discover"}
[12:41:20.678] Loaded safelist from types map file '/home/kdr/.emacs.d/.cache/lsp/npm/typescript/lib/node_modules/typescript/lib/typesMap.json'
[12:41:20.678] Explicitly included types: []
[12:41:20.679] Inferred typings from unresolved imports: []
[12:41:20.679] Result: {"cachedTypingPaths":[],"newTypingNames":[],"filesToWatch":["/home/kdr/magic/proj/wasmaster/data/bower_components","/home/kdr/magic/proj/wasmaster/data/node_modules"]}
[12:41:20.679] Finished typings discovery: {"cachedTypingPaths":[],"newTypingNames":[],"filesToWatch":["/home/kdr/magic/proj/wasmaster/data/bower_components","/home/kdr/magic/proj/wasmaster/data/node_modules"]}
[12:41:20.679] DirectoryWatcher:: Added:: WatchInfo: /home/kdr/magic/proj/wasmaster/data/bower_components
[12:41:20.680] DirectoryWatcher:: Added:: WatchInfo: /home/kdr/magic/proj/wasmaster/data/node_modules
[12:41:20.681] Sending response:
    {"projectName":"/dev/null/inferredProject1*","typeAcquisition":{"enable":true,"include":[],"exclude":[]},"compilerOptions":{"target":1,"jsx":1,"allowNonTsExtensions":true,"allowJs":true,"noEmitForJsFiles":true,"maxNodeModuleJsDepth":2},"typings":[],"unresolvedImports":[],"kind":"action::set"}
[12:41:20.681] Response has been sent.
[12:41:20.681] No new typings were requested as a result of typings discovery
[12:41:49.583] Got install request {"projectName":"/dev/null/inferredProject1*","fileNames":["/home/kdr/.emacs.d/.cache/lsp/npm/typescript/lib/node_modules/typescript/lib/lib.d.ts","/home/kdr/.emacs.d/.cache/lsp/npm/typescript/lib/node_modules/typescript/lib/lib.es5.d.ts","/home/kdr/.emacs.d/.cache/lsp/npm/typescript/lib/node_modules/typescript/lib/lib.dom.d.ts","/home/kdr/.emacs.d/.cache/lsp/npm/typescript/lib/node_modules/typescript/lib/lib.webworker.importscripts.d.ts","/home/kdr/.emacs.d/.cache/lsp/npm/typescript/lib/node_modules/typescript/lib/lib.scripthost.d.ts","/home/kdr/magic/proj/wasmaster/data/index.js"],"compilerOptions":{"target":1,"jsx":1,"allowNonTsExtensions":true,"allowJs":true,"noEmitForJsFiles":true,"maxNodeModuleJsDepth":2},"typeAcquisition":{"enable":true,"include":[],"exclude":[]},"unresolvedImports":["r"],"projectRootPath":"/home/kdr/magic/proj/wasmaster/data","kind":"discover"}
[12:41:49.584] Explicitly included types: []
[12:41:49.584] Inferred typings from unresolved imports: ["r"]
[12:41:49.584] Result: {"cachedTypingPaths":[],"newTypingNames":["r"],"filesToWatch":["/home/kdr/magic/proj/wasmaster/data/bower_components","/home/kdr/magic/proj/wasmaster/data/node_modules"]}
[12:41:49.584] Finished typings discovery: {"cachedTypingPaths":[],"newTypingNames":["r"],"filesToWatch":["/home/kdr/magic/proj/wasmaster/data/bower_components","/home/kdr/magic/proj/wasmaster/data/node_modules"]}
[12:41:49.584] Installing typings ["r"]
[12:41:49.585] 'r':: Entry for package 'r' does not exist in local types registry - skipping...
[12:41:49.585] All typings are known to be missing or invalid - no need to install more typings
[12:41:49.585] Sending response:
    {"projectName":"/dev/null/inferredProject1*","typeAcquisition":{"enable":true,"include":[],"exclude":[]},"compilerOptions":{"target":1,"jsx":1,"allowNonTsExtensions":true,"allowJs":true,"noEmitForJsFiles":true,"maxNodeModuleJsDepth":2},"typings":[],"unresolvedImports":["r"],"kind":"action::set"}
[12:41:49.585] Response has been sent.
[12:41:49.585] Got install request {"projectName":"/dev/null/inferredProject1*","fileNames":["/home/kdr/.emacs.d/.cache/lsp/npm/typescript/lib/node_modules/typescript/lib/lib.d.ts","/home/kdr/.emacs.d/.cache/lsp/npm/typescript/lib/node_modules/typescript/lib/lib.es5.d.ts","/home/kdr/.emacs.d/.cache/lsp/npm/typescript/lib/node_modules/typescript/lib/lib.dom.d.ts","/home/kdr/.emacs.d/.cache/lsp/npm/typescript/lib/node_modules/typescript/lib/lib.webworker.importscripts.d.ts","/home/kdr/.emacs.d/.cache/lsp/npm/typescript/lib/node_modules/typescript/lib/lib.scripthost.d.ts","/home/kdr/magic/proj/wasmaster/data/index.js"],"compilerOptions":{"target":1,"jsx":1,"allowNonTsExtensions":true,"allowJs":true,"noEmitForJsFiles":true,"maxNodeModuleJsDepth":2},"typeAcquisition":{"enable":true,"include":[],"exclude":[]},"unresolvedImports":["re"],"projectRootPath":"/home/kdr/magic/proj/wasmaster/data","kind":"discover"}
[12:41:49.585] Explicitly included types: []
[12:41:49.585] Inferred typings from unresolved imports: ["re"]
[12:41:49.585] Result: {"cachedTypingPaths":[],"newTypingNames":["re"],"filesToWatch":["/home/kdr/magic/proj/wasmaster/data/bower_components","/home/kdr/magic/proj/wasmaster/data/node_modules"]}
[12:41:49.585] Finished typings discovery: {"cachedTypingPaths":[],"newTypingNames":["re"],"filesToWatch":["/home/kdr/magic/proj/wasmaster/data/bower_components","/home/kdr/magic/proj/wasmaster/data/node_modules"]}
[12:41:49.585] Installing typings ["re"]
[12:41:49.585] 're':: Entry for package 're' does not exist in local types registry - skipping...
[12:41:49.585] All typings are known to be missing or invalid - no need to install more typings
[12:41:49.585] Sending response:
    {"projectName":"/dev/null/inferredProject1*","typeAcquisition":{"enable":true,"include":[],"exclude":[]},"compilerOptions":{"target":1,"jsx":1,"allowNonTsExtensions":true,"allowJs":true,"noEmitForJsFiles":true,"maxNodeModuleJsDepth":2},"typings":[],"unresolvedImports":["re"],"kind":"action::set"}
[12:41:49.585] Response has been sent.
[12:41:49.585] Got install request {"projectName":"/dev/null/inferredProject1*","fileNames":["/home/kdr/.emacs.d/.cache/lsp/npm/typescript/lib/node_modules/typescript/lib/lib.d.ts","/home/kdr/.emacs.d/.cache/lsp/npm/typescript/lib/node_modules/typescript/lib/lib.es5.d.ts","/home/kdr/.emacs.d/.cache/lsp/npm/typescript/lib/node_modules/typescript/lib/lib.dom.d.ts","/home/kdr/.emacs.d/.cache/lsp/npm/typescript/lib/node_modules/typescript/lib/lib.webworker.importscripts.d.ts","/home/kdr/.emacs.d/.cache/lsp/npm/typescript/lib/node_modules/typescript/lib/lib.scripthost.d.ts","/home/kdr/magic/proj/wasmaster/data/index.js"],"compilerOptions":{"target":1,"jsx":1,"allowNonTsExtensions":true,"allowJs":true,"noEmitForJsFiles":true,"maxNodeModuleJsDepth":2},"typeAcquisition":{"enable":true,"include":[],"exclude":[]},"unresolvedImports":["rea"],"projectRootPath":"/home/kdr/magic/proj/wasmaster/data","kind":"discover"}
[12:41:49.585] Explicitly included types: []
[12:41:49.585] Inferred typings from unresolved imports: ["rea"]
[12:41:49.585] Result: {"cachedTypingPaths":[],"newTypingNames":["rea"],"filesToWatch":["/home/kdr/magic/proj/wasmaster/data/bower_components","/home/kdr/magic/proj/wasmaster/data/node_modules"]}
[12:41:49.586] Finished typings discovery: {"cachedTypingPaths":[],"newTypingNames":["rea"],"filesToWatch":["/home/kdr/magic/proj/wasmaster/data/bower_components","/home/kdr/magic/proj/wasmaster/data/node_modules"]}
[12:41:49.586] Installing typings ["rea"]
[12:41:49.586] 'rea':: Entry for package 'rea' does not exist in local types registry - skipping...
[12:41:49.586] All typings are known to be missing or invalid - no need to install more typings
[12:41:49.586] Sending response:
    {"projectName":"/dev/null/inferredProject1*","typeAcquisition":{"enable":true,"include":[],"exclude":[]},"compilerOptions":{"target":1,"jsx":1,"allowNonTsExtensions":true,"allowJs":true,"noEmitForJsFiles":true,"maxNodeModuleJsDepth":2},"typings":[],"unresolvedImports":["rea"],"kind":"action::set"}
[12:41:49.586] Response has been sent.
[12:41:49.586] Got install request {"projectName":"/dev/null/inferredProject1*","fileNames":["/home/kdr/.emacs.d/.cache/lsp/npm/typescript/lib/node_modules/typescript/lib/lib.d.ts","/home/kdr/.emacs.d/.cache/lsp/npm/typescript/lib/node_modules/typescript/lib/lib.es5.d.ts","/home/kdr/.emacs.d/.cache/lsp/npm/typescript/lib/node_modules/typescript/lib/lib.dom.d.ts","/home/kdr/.emacs.d/.cache/lsp/npm/typescript/lib/node_modules/typescript/lib/lib.webworker.importscripts.d.ts","/home/kdr/.emacs.d/.cache/lsp/npm/typescript/lib/node_modules/typescript/lib/lib.scripthost.d.ts","/home/kdr/magic/proj/wasmaster/data/index.js"],"compilerOptions":{"target":1,"jsx":1,"allowNonTsExtensions":true,"allowJs":true,"noEmitForJsFiles":true,"maxNodeModuleJsDepth":2},"typeAcquisition":{"enable":true,"include":[],"exclude":[]},"unresolvedImports":["reac"],"projectRootPath":"/home/kdr/magic/proj/wasmaster/data","kind":"discover"}
[12:41:49.586] Explicitly included types: []
[12:41:49.586] Inferred typings from unresolved imports: ["reac"]
[12:41:49.586] Result: {"cachedTypingPaths":[],"newTypingNames":["reac"],"filesToWatch":["/home/kdr/magic/proj/wasmaster/data/bower_components","/home/kdr/magic/proj/wasmaster/data/node_modules"]}
[12:41:49.586] Finished typings discovery: {"cachedTypingPaths":[],"newTypingNames":["reac"],"filesToWatch":["/home/kdr/magic/proj/wasmaster/data/bower_components","/home/kdr/magic/proj/wasmaster/data/node_modules"]}
[12:41:49.586] Installing typings ["reac"]
[12:41:49.586] 'reac':: Entry for package 'reac' does not exist in local types registry - skipping...
[12:41:49.586] All typings are known to be missing or invalid - no need to install more typings
[12:41:49.586] Sending response:
    {"projectName":"/dev/null/inferredProject1*","typeAcquisition":{"enable":true,"include":[],"exclude":[]},"compilerOptions":{"target":1,"jsx":1,"allowNonTsExtensions":true,"allowJs":true,"noEmitForJsFiles":true,"maxNodeModuleJsDepth":2},"typings":[],"unresolvedImports":["reac"],"kind":"action::set"}
[12:41:49.586] Response has been sent.
[12:41:49.943] Got install request {"projectName":"/dev/null/inferredProject1*","fileNames":["/home/kdr/.emacs.d/.cache/lsp/npm/typescript/lib/node_modules/typescript/lib/lib.d.ts","/home/kdr/.emacs.d/.cache/lsp/npm/typescript/lib/node_modules/typescript/lib/lib.es5.d.ts","/home/kdr/.emacs.d/.cache/lsp/npm/typescript/lib/node_modules/typescript/lib/lib.dom.d.ts","/home/kdr/.emacs.d/.cache/lsp/npm/typescript/lib/node_modules/typescript/lib/lib.webworker.importscripts.d.ts","/home/kdr/.emacs.d/.cache/lsp/npm/typescript/lib/node_modules/typescript/lib/lib.scripthost.d.ts","/home/kdr/magic/proj/wasmaster/data/index.js"],"compilerOptions":{"target":1,"jsx":1,"allowNonTsExtensions":true,"allowJs":true,"noEmitForJsFiles":true,"maxNodeModuleJsDepth":2},"typeAcquisition":{"enable":true,"include":[],"exclude":[]},"unresolvedImports":[],"projectRootPath":"/home/kdr/magic/proj/wasmaster/data","kind":"discover"}
[12:41:49.943] Explicitly included types: []
[12:41:49.943] Inferred typings from unresolved imports: []
[12:41:49.943] Result: {"cachedTypingPaths":[],"newTypingNames":[],"filesToWatch":["/home/kdr/magic/proj/wasmaster/data/bower_components","/home/kdr/magic/proj/wasmaster/data/node_modules"]}
[12:41:49.944] Finished typings discovery: {"cachedTypingPaths":[],"newTypingNames":[],"filesToWatch":["/home/kdr/magic/proj/wasmaster/data/bower_components","/home/kdr/magic/proj/wasmaster/data/node_modules"]}
[12:41:49.944] Sending response:
    {"projectName":"/dev/null/inferredProject1*","typeAcquisition":{"enable":true,"include":[],"exclude":[]},"compilerOptions":{"target":1,"jsx":1,"allowNonTsExtensions":true,"allowJs":true,"noEmitForJsFiles":true,"maxNodeModuleJsDepth":2},"typings":[],"unresolvedImports":[],"kind":"action::set"}
[12:41:49.944] Response has been sent.
[12:41:49.944] No new typings were requested as a result of typings discovery
[12:41:49.944] Got install request {"projectName":"/dev/null/inferredProject1*","fileNames":["/home/kdr/.emacs.d/.cache/lsp/npm/typescript/lib/node_modules/typescript/lib/lib.d.ts","/home/kdr/.emacs.d/.cache/lsp/npm/typescript/lib/node_modules/typescript/lib/lib.es5.d.ts","/home/kdr/.emacs.d/.cache/lsp/npm/typescript/lib/node_modules/typescript/lib/lib.dom.d.ts","/home/kdr/.emacs.d/.cache/lsp/npm/typescript/lib/node_modules/typescript/lib/lib.webworker.importscripts.d.ts","/home/kdr/.emacs.d/.cache/lsp/npm/typescript/lib/node_modules/typescript/lib/lib.scripthost.d.ts","/home/kdr/magic/proj/wasmaster/data/index.js"],"compilerOptions":{"target":1,"jsx":1,"allowNonTsExtensions":true,"allowJs":true,"noEmitForJsFiles":true,"maxNodeModuleJsDepth":2},"typeAcquisition":{"enable":true,"include":[],"exclude":[]},"unresolvedImports":["r"],"projectRootPath":"/home/kdr/magic/proj/wasmaster/data","kind":"discover"}
[12:41:49.944] Explicitly included types: []
[12:41:49.944] Inferred typings from unresolved imports: ["r"]
[12:41:49.944] Result: {"cachedTypingPaths":[],"newTypingNames":["r"],"filesToWatch":["/home/kdr/magic/proj/wasmaster/data/bower_components","/home/kdr/magic/proj/wasmaster/data/node_modules"]}
[12:41:49.944] Finished typings discovery: {"cachedTypingPaths":[],"newTypingNames":["r"],"filesToWatch":["/home/kdr/magic/proj/wasmaster/data/bower_components","/home/kdr/magic/proj/wasmaster/data/node_modules"]}
[12:41:49.944] Installing typings ["r"]
[12:41:49.944] 'r':: Entry for package 'r' does not exist in local types registry - skipping...
[12:41:49.944] All typings are known to be missing or invalid - no need to install more typings
[12:41:49.944] Sending response:
    {"projectName":"/dev/null/inferredProject1*","typeAcquisition":{"enable":true,"include":[],"exclude":[]},"compilerOptions":{"target":1,"jsx":1,"allowNonTsExtensions":true,"allowJs":true,"noEmitForJsFiles":true,"maxNodeModuleJsDepth":2},"typings":[],"unresolvedImports":["r"],"kind":"action::set"}
[12:41:49.944] Response has been sent.
[12:41:49.944] Got install request {"projectName":"/dev/null/inferredProject1*","fileNames":["/home/kdr/.emacs.d/.cache/lsp/npm/typescript/lib/node_modules/typescript/lib/lib.d.ts","/home/kdr/.emacs.d/.cache/lsp/npm/typescript/lib/node_modules/typescript/lib/lib.es5.d.ts","/home/kdr/.emacs.d/.cache/lsp/npm/typescript/lib/node_modules/typescript/lib/lib.dom.d.ts","/home/kdr/.emacs.d/.cache/lsp/npm/typescript/lib/node_modules/typescript/lib/lib.webworker.importscripts.d.ts","/home/kdr/.emacs.d/.cache/lsp/npm/typescript/lib/node_modules/typescript/lib/lib.scripthost.d.ts","/home/kdr/magic/proj/wasmaster/data/index.js"],"compilerOptions":{"target":1,"jsx":1,"allowNonTsExtensions":true,"allowJs":true,"noEmitForJsFiles":true,"maxNodeModuleJsDepth":2},"typeAcquisition":{"enable":true,"include":[],"exclude":[]},"unresolvedImports":["re"],"projectRootPath":"/home/kdr/magic/proj/wasmaster/data","kind":"discover"}
[12:41:49.944] Explicitly included types: []
[12:41:49.944] Inferred typings from unresolved imports: ["re"]
[12:41:49.944] Result: {"cachedTypingPaths":[],"newTypingNames":["re"],"filesToWatch":["/home/kdr/magic/proj/wasmaster/data/bower_components","/home/kdr/magic/proj/wasmaster/data/node_modules"]}
[12:41:49.944] Finished typings discovery: {"cachedTypingPaths":[],"newTypingNames":["re"],"filesToWatch":["/home/kdr/magic/proj/wasmaster/data/bower_components","/home/kdr/magic/proj/wasmaster/data/node_modules"]}
[12:41:49.945] Installing typings ["re"]
[12:41:49.945] 're':: Entry for package 're' does not exist in local types registry - skipping...
[12:41:49.945] All typings are known to be missing or invalid - no need to install more typings
[12:41:49.945] Sending response:
    {"projectName":"/dev/null/inferredProject1*","typeAcquisition":{"enable":true,"include":[],"exclude":[]},"compilerOptions":{"target":1,"jsx":1,"allowNonTsExtensions":true,"allowJs":true,"noEmitForJsFiles":true,"maxNodeModuleJsDepth":2},"typings":[],"unresolvedImports":["re"],"kind":"action::set"}
[12:41:49.945] Response has been sent.
[12:41:49.945] Got install request {"projectName":"/dev/null/inferredProject1*","fileNames":["/home/kdr/.emacs.d/.cache/lsp/npm/typescript/lib/node_modules/typescript/lib/lib.d.ts","/home/kdr/.emacs.d/.cache/lsp/npm/typescript/lib/node_modules/typescript/lib/lib.es5.d.ts","/home/kdr/.emacs.d/.cache/lsp/npm/typescript/lib/node_modules/typescript/lib/lib.dom.d.ts","/home/kdr/.emacs.d/.cache/lsp/npm/typescript/lib/node_modules/typescript/lib/lib.webworker.importscripts.d.ts","/home/kdr/.emacs.d/.cache/lsp/npm/typescript/lib/node_modules/typescript/lib/lib.scripthost.d.ts","/home/kdr/magic/proj/wasmaster/data/index.js"],"compilerOptions":{"target":1,"jsx":1,"allowNonTsExtensions":true,"allowJs":true,"noEmitForJsFiles":true,"maxNodeModuleJsDepth":2},"typeAcquisition":{"enable":true,"include":[],"exclude":[]},"unresolvedImports":["rea"],"projectRootPath":"/home/kdr/magic/proj/wasmaster/data","kind":"discover"}
[12:41:49.945] Explicitly included types: []
[12:41:49.945] Inferred typings from unresolved imports: ["rea"]
[12:41:49.945] Result: {"cachedTypingPaths":[],"newTypingNames":["rea"],"filesToWatch":["/home/kdr/magic/proj/wasmaster/data/bower_components","/home/kdr/magic/proj/wasmaster/data/node_modules"]}
[12:41:49.945] Finished typings discovery: {"cachedTypingPaths":[],"newTypingNames":["rea"],"filesToWatch":["/home/kdr/magic/proj/wasmaster/data/bower_components","/home/kdr/magic/proj/wasmaster/data/node_modules"]}
[12:41:49.945] Installing typings ["rea"]
[12:41:49.945] 'rea':: Entry for package 'rea' does not exist in local types registry - skipping...
[12:41:49.945] All typings are known to be missing or invalid - no need to install more typings
[12:41:49.945] Sending response:
    {"projectName":"/dev/null/inferredProject1*","typeAcquisition":{"enable":true,"include":[],"exclude":[]},"compilerOptions":{"target":1,"jsx":1,"allowNonTsExtensions":true,"allowJs":true,"noEmitForJsFiles":true,"maxNodeModuleJsDepth":2},"typings":[],"unresolvedImports":["rea"],"kind":"action::set"}
[12:41:49.945] Response has been sent.
[12:41:49.945] Got install request {"projectName":"/dev/null/inferredProject1*","fileNames":["/home/kdr/.emacs.d/.cache/lsp/npm/typescript/lib/node_modules/typescript/lib/lib.d.ts","/home/kdr/.emacs.d/.cache/lsp/npm/typescript/lib/node_modules/typescript/lib/lib.es5.d.ts","/home/kdr/.emacs.d/.cache/lsp/npm/typescript/lib/node_modules/typescript/lib/lib.dom.d.ts","/home/kdr/.emacs.d/.cache/lsp/npm/typescript/lib/node_modules/typescript/lib/lib.webworker.importscripts.d.ts","/home/kdr/.emacs.d/.cache/lsp/npm/typescript/lib/node_modules/typescript/lib/lib.scripthost.d.ts","/home/kdr/magic/proj/wasmaster/data/index.js"],"compilerOptions":{"target":1,"jsx":1,"allowNonTsExtensions":true,"allowJs":true,"noEmitForJsFiles":true,"maxNodeModuleJsDepth":2},"typeAcquisition":{"enable":true,"include":[],"exclude":[]},"unresolvedImports":["reac"],"projectRootPath":"/home/kdr/magic/proj/wasmaster/data","kind":"discover"}
[12:41:49.945] Explicitly included types: []
[12:41:49.946] Inferred typings from unresolved imports: ["reac"]
[12:41:49.946] Result: {"cachedTypingPaths":[],"newTypingNames":["reac"],"filesToWatch":["/home/kdr/magic/proj/wasmaster/data/bower_components","/home/kdr/magic/proj/wasmaster/data/node_modules"]}
[12:41:49.946] Finished typings discovery: {"cachedTypingPaths":[],"newTypingNames":["reac"],"filesToWatch":["/home/kdr/magic/proj/wasmaster/data/bower_components","/home/kdr/magic/proj/wasmaster/data/node_modules"]}
[12:41:49.946] Installing typings ["reac"]
[12:41:49.946] 'reac':: Entry for package 'reac' does not exist in local types registry - skipping...
[12:41:49.946] All typings are known to be missing or invalid - no need to install more typings
[12:41:49.946] Sending response:
    {"projectName":"/dev/null/inferredProject1*","typeAcquisition":{"enable":true,"include":[],"exclude":[]},"compilerOptions":{"target":1,"jsx":1,"allowNonTsExtensions":true,"allowJs":true,"noEmitForJsFiles":true,"maxNodeModuleJsDepth":2},"typings":[],"unresolvedImports":["reac"],"kind":"action::set"}
[12:41:49.946] Response has been sent.
[12:41:49.946] Got install request {"projectName":"/dev/null/inferredProject1*","fileNames":["/home/kdr/.emacs.d/.cache/lsp/npm/typescript/lib/node_modules/typescript/lib/lib.d.ts","/home/kdr/.emacs.d/.cache/lsp/npm/typescript/lib/node_modules/typescript/lib/lib.es5.d.ts","/home/kdr/.emacs.d/.cache/lsp/npm/typescript/lib/node_modules/typescript/lib/lib.dom.d.ts","/home/kdr/.emacs.d/.cache/lsp/npm/typescript/lib/node_modules/typescript/lib/lib.webworker.importscripts.d.ts","/home/kdr/.emacs.d/.cache/lsp/npm/typescript/lib/node_modules/typescript/lib/lib.scripthost.d.ts","/home/kdr/magic/proj/wasmaster/data/index.js"],"compilerOptions":{"target":1,"jsx":1,"allowNonTsExtensions":true,"allowJs":true,"noEmitForJsFiles":true,"maxNodeModuleJsDepth":2},"typeAcquisition":{"enable":true,"include":[],"exclude":[]},"unresolvedImports":["react-"],"projectRootPath":"/home/kdr/magic/proj/wasmaster/data","kind":"discover"}
[12:41:49.946] Explicitly included types: []
[12:41:49.946] Inferred typings from unresolved imports: ["react-"]
[12:41:49.946] Result: {"cachedTypingPaths":[],"newTypingNames":["react-"],"filesToWatch":["/home/kdr/magic/proj/wasmaster/data/bower_components","/home/kdr/magic/proj/wasmaster/data/node_modules"]}
[12:41:49.946] Finished typings discovery: {"cachedTypingPaths":[],"newTypingNames":["react-"],"filesToWatch":["/home/kdr/magic/proj/wasmaster/data/bower_components","/home/kdr/magic/proj/wasmaster/data/node_modules"]}
[12:41:49.946] Installing typings ["react-"]
[12:41:49.946] 'react-':: Entry for package 'react-' does not exist in local types registry - skipping...
[12:41:49.946] All typings are known to be missing or invalid - no need to install more typings
[12:41:49.946] Sending response:
    {"projectName":"/dev/null/inferredProject1*","typeAcquisition":{"enable":true,"include":[],"exclude":[]},"compilerOptions":{"target":1,"jsx":1,"allowNonTsExtensions":true,"allowJs":true,"noEmitForJsFiles":true,"maxNodeModuleJsDepth":2},"typings":[],"unresolvedImports":["react-"],"kind":"action::set"}
[12:41:49.946] Response has been sent.
[12:41:50.866] Got install request {"projectName":"/dev/null/inferredProject1*","fileNames":["/home/kdr/.emacs.d/.cache/lsp/npm/typescript/lib/node_modules/typescript/lib/lib.d.ts","/home/kdr/.emacs.d/.cache/lsp/npm/typescript/lib/node_modules/typescript/lib/lib.es5.d.ts","/home/kdr/.emacs.d/.cache/lsp/npm/typescript/lib/node_modules/typescript/lib/lib.dom.d.ts","/home/kdr/.emacs.d/.cache/lsp/npm/typescript/lib/node_modules/typescript/lib/lib.webworker.importscripts.d.ts","/home/kdr/.emacs.d/.cache/lsp/npm/typescript/lib/node_modules/typescript/lib/lib.scripthost.d.ts","/home/kdr/magic/proj/wasmaster/data/index.js"],"compilerOptions":{"target":1,"jsx":1,"allowNonTsExtensions":true,"allowJs":true,"noEmitForJsFiles":true,"maxNodeModuleJsDepth":2},"typeAcquisition":{"enable":true,"include":[],"exclude":[]},"unresolvedImports":["react-dom"],"projectRootPath":"/home/kdr/magic/proj/wasmaster/data","kind":"discover"}
[12:41:50.866] Explicitly included types: []
[12:41:50.867] Inferred typings from unresolved imports: ["react-dom"]
[12:41:50.867] Result: {"cachedTypingPaths":[],"newTypingNames":["react-dom"],"filesToWatch":["/home/kdr/magic/proj/wasmaster/data/bower_components","/home/kdr/magic/proj/wasmaster/data/node_modules"]}
[12:41:50.867] Finished typings discovery: {"cachedTypingPaths":[],"newTypingNames":["react-dom"],"filesToWatch":["/home/kdr/magic/proj/wasmaster/data/bower_components","/home/kdr/magic/proj/wasmaster/data/node_modules"]}
[12:41:50.867] Installing typings ["react-dom"]
[12:41:50.867] Npm config file: /home/kdr/.cache/typescript/3.7/package.json
[12:41:50.867] Sending response:
    {"kind":"event::beginInstallTypes","eventId":1,"typingsInstallerVersion":"3.7.5","projectName":"/dev/null/inferredProject1*"}
[12:41:50.867] Response has been sent.
[12:41:50.867] #1 with arguments'["@types/react-dom@ts3.7"]'.
[12:41:50.867] Exec: /usr/bin/npm install --ignore-scripts @types/react-dom@ts3.7 --save-dev --user-agent="typesInstaller/3.7.5"
[12:41:52.4]     Succeeded. stdout:
    + @types/react-dom@16.9.5
    added 1 package from 6 contributors and audited 139 packages in 0.678s
found 0 vulnerabilities


[12:41:52.4] npm install #1 took: 1137 ms
[12:41:52.5] Installed typings ["@types/react-dom@ts3.7"]
[12:41:52.6] Installed typing files ["/home/kdr/.cache/typescript/3.7/node_modules/@types/react-dom/index.d.ts"]
[12:41:52.6] Sending response:
    {"projectName":"/dev/null/inferredProject1*","typeAcquisition":{"enable":true,"include":[],"exclude":[]},"compilerOptions":{"target":1,"jsx":1,"allowNonTsExtensions":true,"allowJs":true,"noEmitForJsFiles":true,"maxNodeModuleJsDepth":2},"typings":["/home/kdr/.cache/typescript/3.7/node_modules/@types/react-dom/index.d.ts"],"unresolvedImports":["react-dom"],"kind":"action::set"}
[12:41:52.6] Response has been sent.
[12:41:52.6] Sending response:
    {"kind":"event::endInstallTypes","eventId":1,"projectName":"/dev/null/inferredProject1*","packagesToInstall":["@types/react-dom@ts3.7"],"installSuccess":true,"typingsInstallerVersion":"3.7.5"}
[12:41:52.7] Response has been sent.
[12:41:52.7] Got install request {"projectName":"/dev/null/inferredProject1*","fileNames":["/home/kdr/.emacs.d/.cache/lsp/npm/typescript/lib/node_modules/typescript/lib/lib.d.ts","/home/kdr/.emacs.d/.cache/lsp/npm/typescript/lib/node_modules/typescript/lib/lib.es5.d.ts","/home/kdr/.emacs.d/.cache/lsp/npm/typescript/lib/node_modules/typescript/lib/lib.dom.d.ts","/home/kdr/.emacs.d/.cache/lsp/npm/typescript/lib/node_modules/typescript/lib/lib.webworker.importscripts.d.ts","/home/kdr/.emacs.d/.cache/lsp/npm/typescript/lib/node_modules/typescript/lib/lib.scripthost.d.ts","/home/kdr/magic/proj/wasmaster/data/index.js"],"compilerOptions":{"target":1,"jsx":1,"allowNonTsExtensions":true,"allowJs":true,"noEmitForJsFiles":true,"maxNodeModuleJsDepth":2},"typeAcquisition":{"enable":true,"include":[],"exclude":[]},"unresolvedImports":["react-dom"],"projectRootPath":"/home/kdr/magic/proj/wasmaster/data","kind":"discover"}
[12:41:52.7] Explicitly included types: []
[12:41:52.7] Inferred typings from unresolved imports: ["react-dom"]
[12:41:52.7] Result: {"cachedTypingPaths":["/home/kdr/.cache/typescript/3.7/node_modules/@types/react-dom/index.d.ts"],"newTypingNames":[],"filesToWatch":["/home/kdr/magic/proj/wasmaster/data/bower_components","/home/kdr/magic/proj/wasmaster/data/node_modules"]}
[12:41:52.7] Finished typings discovery: {"cachedTypingPaths":["/home/kdr/.cache/typescript/3.7/node_modules/@types/react-dom/index.d.ts"],"newTypingNames":[],"filesToWatch":["/home/kdr/magic/proj/wasmaster/data/bower_components","/home/kdr/magic/proj/wasmaster/data/node_modules"]}
[12:41:52.7] Sending response:
    {"projectName":"/dev/null/inferredProject1*","typeAcquisition":{"enable":true,"include":[],"exclude":[]},"compilerOptions":{"target":1,"jsx":1,"allowNonTsExtensions":true,"allowJs":true,"noEmitForJsFiles":true,"maxNodeModuleJsDepth":2},"typings":["/home/kdr/.cache/typescript/3.7/node_modules/@types/react-dom/index.d.ts"],"unresolvedImports":["react-dom"],"kind":"action::set"}
[12:41:52.7] Response has been sent.
[12:41:52.7] No new typings were requested as a result of typings discovery
[12:41:52.391] Got install request {"projectName":"/dev/null/inferredProject1*","fileNames":["/home/kdr/.emacs.d/.cache/lsp/npm/typescript/lib/node_modules/typescript/lib/lib.d.ts","/home/kdr/.emacs.d/.cache/lsp/npm/typescript/lib/node_modules/typescript/lib/lib.es5.d.ts","/home/kdr/.emacs.d/.cache/lsp/npm/typescript/lib/node_modules/typescript/lib/lib.dom.d.ts","/home/kdr/.emacs.d/.cache/lsp/npm/typescript/lib/node_modules/typescript/lib/lib.webworker.importscripts.d.ts","/home/kdr/.emacs.d/.cache/lsp/npm/typescript/lib/node_modules/typescript/lib/lib.scripthost.d.ts","/home/kdr/.cache/typescript/3.7/node_modules/@types/react-dom/index.d.ts","/home/kdr/magic/proj/wasmaster/data/index.js"],"compilerOptions":{"target":1,"jsx":1,"allowNonTsExtensions":true,"allowJs":true,"noEmitForJsFiles":true,"maxNodeModuleJsDepth":2},"typeAcquisition":{"enable":true,"include":[],"exclude":[]},"unresolvedImports":[],"projectRootPath":"/home/kdr/magic/proj/wasmaster/data","kind":"discover"}
[12:41:52.392] Explicitly included types: []
[12:41:52.393] Inferred typings from unresolved imports: []
[12:41:52.393] Result: {"cachedTypingPaths":[],"newTypingNames":[],"filesToWatch":["/home/kdr/magic/proj/wasmaster/data/bower_components","/home/kdr/magic/proj/wasmaster/data/node_modules"]}
[12:41:52.393] Finished typings discovery: {"cachedTypingPaths":[],"newTypingNames":[],"filesToWatch":["/home/kdr/magic/proj/wasmaster/data/bower_components","/home/kdr/magic/proj/wasmaster/data/node_modules"]}
[12:41:52.393] Sending response:
    {"projectName":"/dev/null/inferredProject1*","typeAcquisition":{"enable":true,"include":[],"exclude":[]},"compilerOptions":{"target":1,"jsx":1,"allowNonTsExtensions":true,"allowJs":true,"noEmitForJsFiles":true,"maxNodeModuleJsDepth":2},"typings":[],"unresolvedImports":[],"kind":"action::set"}
[12:41:52.394] Response has been sent.
[12:41:52.394] No new typings were requested as a result of typings discovery
[12:41:52.511] Got install request {"projectName":"/dev/null/inferredProject1*","fileNames":["/home/kdr/.emacs.d/.cache/lsp/npm/typescript/lib/node_modules/typescript/lib/lib.d.ts","/home/kdr/.emacs.d/.cache/lsp/npm/typescript/lib/node_modules/typescript/lib/lib.es5.d.ts","/home/kdr/.emacs.d/.cache/lsp/npm/typescript/lib/node_modules/typescript/lib/lib.dom.d.ts","/home/kdr/.emacs.d/.cache/lsp/npm/typescript/lib/node_modules/typescript/lib/lib.webworker.importscripts.d.ts","/home/kdr/.emacs.d/.cache/lsp/npm/typescript/lib/node_modules/typescript/lib/lib.scripthost.d.ts","/home/kdr/magic/proj/wasmaster/data/index.js"],"compilerOptions":{"target":1,"jsx":1,"allowNonTsExtensions":true,"allowJs":true,"noEmitForJsFiles":true,"maxNodeModuleJsDepth":2},"typeAcquisition":{"enable":true,"include":[],"exclude":[]},"unresolvedImports":[],"projectRootPath":"/home/kdr/magic/proj/wasmaster/data","kind":"discover"}
[12:41:52.511] Explicitly included types: []
[12:41:52.511] Inferred typings from unresolved imports: []
[12:41:52.511] Result: {"cachedTypingPaths":[],"newTypingNames":[],"filesToWatch":["/home/kdr/magic/proj/wasmaster/data/bower_components","/home/kdr/magic/proj/wasmaster/data/node_modules"]}
[12:41:52.512] Finished typings discovery: {"cachedTypingPaths":[],"newTypingNames":[],"filesToWatch":["/home/kdr/magic/proj/wasmaster/data/bower_components","/home/kdr/magic/proj/wasmaster/data/node_modules"]}
[12:41:52.512] Sending response:
    {"projectName":"/dev/null/inferredProject1*","typeAcquisition":{"enable":true,"include":[],"exclude":[]},"compilerOptions":{"target":1,"jsx":1,"allowNonTsExtensions":true,"allowJs":true,"noEmitForJsFiles":true,"maxNodeModuleJsDepth":2},"typings":[],"unresolvedImports":[],"kind":"action::set"}
[12:41:52.512] Response has been sent.
[12:41:52.512] No new typings were requested as a result of typings discovery
